app/app/build/intermediates/manifest_merge_blame_file/release/processReleaseMainManifest/manifest-merger-blame-release-report.txt
1<?xml version="1.0" encoding="utf-8"?>
2<!--
3    MIT License
4
5    Copyright (c) 2016  Pierre-Yves Lapersonne (Mail: dev@pylapersonne.info)
6
7    Permission is hereby granted, free of charge, to any person obtaining a copy
8    of this software and associated documentation files (the "Software"), to deal
9    in the Software without restriction, including without limitation the rights
10    to use, copy, modify, merge, publish, distribute, sublicense, and/or sell
11    copies of the Software, and to permit persons to whom the Software is
12    furnished to do so, subject to the following conditions:
13
14    The above copyright notice and this permission notice shall be included in all
15    copies or substantial portions of the Software.
16
17    THE SOFTWARE IS PROVIDED "AS IS", WITHOUT WARRANTY OF ANY KIND, EXPRESS OR
18    IMPLIED, INCLUDING BUT NOT LIMITED TO THE WARRANTIES OF MERCHANTABILITY,
19    FITNESS FOR A PARTICULAR PURPOSE AND NONINFRINGEMENT. IN NO EVENT SHALL THE
20    AUTHORS OR COPYRIGHT HOLDERS BE LIABLE FOR ANY CLAIM, DAMAGES OR OTHER
21    LIABILITY, WHETHER IN AN ACTION OF CONTRACT, TORT OR OTHERWISE, ARISING FROM,
22    OUT OF OR IN CONNECTION WITH THE SOFTWARE OR THE USE OR OTHER DEALINGS IN THE
23    SOFTWARE.
24-->
25<!-- ✿✿✿✿ ʕ •ᴥ•ʔ/ ︻デ═一 -->
26<manifest xmlns:android="http://schemas.android.com/apk/res/android"
27    package="pylapp.smoothclicker.android"
28    android:sharedUserId="@string/app_sharedUserId"
29    android:sharedUserLabel="@string/app_sharedUserLabel"
30    android:versionCode="37"
31    android:versionName="2.4.0 - Scripts" >
32
33    <uses-sdk
34        android:minSdkVersion="19"
35        android:targetSdkVersion="34" />
36
37    <!-- *********** -->
38    <!-- Permissions -->
39    <!-- *********** -->
40
41
42    <!-- To be SU -->
43    <uses-permission android:name="android.permission.ACCESS_SUPERUSER" />
43-->src\main\AndroidManifest.xml:37:5-75
43-->src\main\AndroidManifest.xml:37:22-72
44
45    <!--
46     These permissions are NORMAL permissions, so no need to ask grant for them
47     See: https://developer.android.com/guide/topics/security/permissions.html#normal-dangerous
48     See: https://developer.android.com/guide/topics/security/normal-permissions.html
49    -->
50    <!-- To make the device vibrate (here on each click or on start if needed) -->
51    <uses-permission android:name="android.permission.VIBRATE" />
51-->src\main\AndroidManifest.xml:46:5-66
51-->src\main\AndroidManifest.xml:46:22-63
52    <!-- To use wake locks to force the screen to be always on -->
53    <uses-permission android:name="android.permission.WAKE_LOCK" />
53-->src\main\AndroidManifest.xml:48:5-68
53-->src\main\AndroidManifest.xml:48:22-65
54    <!-- &lt;!&ndash; To start the service when the boot of the device is done &ndash;&gt; -->
55    <!-- <uses-permission android:name="android.permission.RECEIVE_BOOT_COMPLETED" /> -->
56
57
58    <!--
59     These permissions are DANGEROUS permissions, so we need to ask grant for them
60     See: https://developer.android.com/guide/topics/security/permissions.html#normal-dangerous
61    -->
62    <!-- To put the JSON files to the external storage -->
63    <uses-permission android:name="android.permission.WRITE_EXTERNAL_STORAGE" />
63-->src\main\AndroidManifest.xml:58:5-80
63-->src\main\AndroidManifest.xml:58:22-78
64    <!-- To get the JSON files from the external storage -->
65    <uses-permission android:name="android.permission.READ_EXTERNAL_STORAGE" />
65-->src\main\AndroidManifest.xml:60:5-80
65-->src\main\AndroidManifest.xml:60:22-77
66
67    <permission
67-->[androidx.core:core:1.13.0] AndroidManifest.xml:22:5-24:47
68        android:name="pylapp.smoothclicker.android.DYNAMIC_RECEIVER_NOT_EXPORTED_PERMISSION"
68-->[androidx.core:core:1.13.0] AndroidManifest.xml:23:9-81
69        android:protectionLevel="signature" />
69-->[androidx.core:core:1.13.0] AndroidManifest.xml:24:9-44
70
71    <uses-permission android:name="pylapp.smoothclicker.android.DYNAMIC_RECEIVER_NOT_EXPORTED_PERMISSION" /> <!-- ********************* -->
71-->[androidx.core:core:1.13.0] AndroidManifest.xml:26:5-97
71-->[androidx.core:core:1.13.0] AndroidManifest.xml:26:22-94
72    <!-- The SmoothClicker app -->
73    <!-- ********************* -->
74    <application
74-->src\main\AndroidManifest.xml:68:5-212:19
75        android:name="pylapp.smoothclicker.android.SmoothClickerApplication"
75-->src\main\AndroidManifest.xml:69:9-77
76        android:allowBackup="true"
76-->src\main\AndroidManifest.xml:70:9-35
77        android:appComponentFactory="androidx.core.app.CoreComponentFactory"
77-->[androidx.core:core:1.13.0] AndroidManifest.xml:28:18-86
78        android:extractNativeLibs="true"
79        android:icon="@drawable/logo_512"
79-->src\main\AndroidManifest.xml:71:9-42
80        android:label="@string/app_name"
80-->src\main\AndroidManifest.xml:72:9-41
81        android:supportsRtl="true"
81-->src\main\AndroidManifest.xml:73:9-35
82        android:theme="@style/AppTheme" >
82-->src\main\AndroidManifest.xml:74:9-40
83
84        <!-- ********** -->
85        <!-- Activities -->
86        <!-- ********** -->
87
88
89        <!-- The splash screen -->
90        <activity
90-->src\main\AndroidManifest.xml:82:9-91:20
91            android:name="pylapp.smoothclicker.android.views.SplashScreenActivity"
91-->src\main\AndroidManifest.xml:83:13-55
92            android:exported="true"
92-->src\main\AndroidManifest.xml:85:13-36
93            android:theme="@style/Theme.AppCompat.Light.NoActionBar.FullScreen" >
93-->src\main\AndroidManifest.xml:84:13-80
94            <intent-filter>
94-->src\main\AndroidManifest.xml:86:13-89:29
95                <action android:name="android.intent.action.MAIN" />
95-->src\main\AndroidManifest.xml:87:17-69
95-->src\main\AndroidManifest.xml:87:25-66
96
97                <category android:name="android.intent.category.LAUNCHER" />
97-->src\main\AndroidManifest.xml:88:17-77
97-->src\main\AndroidManifest.xml:88:27-74
98            </intent-filter>
99        </activity>
100
101        <!-- The intro screen -->
102        <activity
102-->src\main\AndroidManifest.xml:94:9-97:82
103            android:name="pylapp.smoothclicker.android.views.IntroScreensActivity"
103-->src\main\AndroidManifest.xml:95:13-55
104            android:label="@string/app_intro"
104-->src\main\AndroidManifest.xml:96:13-46
105            android:theme="@style/Theme.AppCompat.Light.NoActionBar.FullScreen" />
105-->src\main\AndroidManifest.xml:97:13-80
106
107        <!-- The main activity of the app -->
108        <activity
108-->src\main\AndroidManifest.xml:100:9-111:20
109            android:name="pylapp.smoothclicker.android.views.ClickerActivity"
109-->src\main\AndroidManifest.xml:101:13-50
110            android:exported="true"
110-->src\main\AndroidManifest.xml:105:13-36
111            android:label="@string/app_name"
111-->src\main\AndroidManifest.xml:102:13-45
112            android:theme="@style/AppTheme.NoActionBar"
112-->src\main\AndroidManifest.xml:103:13-56
113            android:windowSoftInputMode="stateHidden" >
113-->src\main\AndroidManifest.xml:104:13-54
114            <intent-filter>
114-->src\main\AndroidManifest.xml:107:13-109:29
115                <action android:name="android.intent.action.VIEW" />
115-->src\main\AndroidManifest.xml:108:17-69
115-->src\main\AndroidManifest.xml:108:25-66
116            </intent-filter>
117        </activity>
118
119        <!-- The credits activity displaying the licenses etc. -->
120        <activity
120-->src\main\AndroidManifest.xml:114:9-116:83
121            android:name="pylapp.smoothclicker.android.views.CreditsActivity"
121-->src\main\AndroidManifest.xml:115:13-50
122            android:theme="@style/Theme.AppCompat.Light.NoActionBar.FullScreen" />
122-->src\main\AndroidManifest.xml:116:13-80
123
124        <!-- A translucent activity to help the user to select several points on its screen -->
125        <activity
125-->src\main\AndroidManifest.xml:119:9-121:56
126            android:name="pylapp.smoothclicker.android.views.SelectMultiPointsActivity"
126-->src\main\AndroidManifest.xml:120:13-60
127            android:theme="@style/Theme.Transparent" />
127-->src\main\AndroidManifest.xml:121:13-53
128
129        <!-- The settings activity -->
130        <activity android:name="pylapp.smoothclicker.android.views.SettingsActivity" />
130-->src\main\AndroidManifest.xml:124:9-125:54
130-->src\main\AndroidManifest.xml:125:13-51
131
132        <!-- An activity to use with a remote tool / system / object to trigger the clicks -->
133        <activity
133-->src\main\AndroidManifest.xml:128:9-133:38
134            android:name="pylapp.smoothclicker.android.views.StandaloneActivity"
134-->src\main\AndroidManifest.xml:129:13-53
135            android:exported="true"
135-->src\main\AndroidManifest.xml:133:13-36
136            android:label="@string/app_name_standalone"
136-->src\main\AndroidManifest.xml:130:13-56
137            android:screenOrientation="portrait"
137-->src\main\AndroidManifest.xml:131:13-49
138            android:theme="@style/Theme.AppCompat.Light.Dialog" />
138-->src\main\AndroidManifest.xml:132:13-64
139
140        <!-- The script list activity -->
141        <activity
141-->src\main\AndroidManifest.xml:136:9-140:56
142            android:name="pylapp.smoothclicker.android.views.ScriptListActivity"
142-->src\main\AndroidManifest.xml:137:13-53
143            android:label="@string/app_name"
143-->src\main\AndroidManifest.xml:138:13-45
144            android:theme="@style/AppTheme.NoActionBar"
144-->src\main\AndroidManifest.xml:139:13-56
145            android:windowSoftInputMode="stateHidden" />
145-->src\main\AndroidManifest.xml:140:13-54
146
147        <!-- The action list activity -->
148        <activity
148-->src\main\AndroidManifest.xml:143:9-146:58
149            android:name="pylapp.smoothclicker.android.views.ActionListActivity"
149-->src\main\AndroidManifest.xml:144:13-53
150            android:label="@string/action_list_title"
150-->src\main\AndroidManifest.xml:145:13-54
151            android:theme="@style/AppTheme.NoActionBar" />
151-->src\main\AndroidManifest.xml:146:13-56
152
153        <!-- The action edit activity -->
154        <activity
154-->src\main\AndroidManifest.xml:149:9-152:58
155            android:name="pylapp.smoothclicker.android.views.ActionEditActivity"
155-->src\main\AndroidManifest.xml:150:13-53
156            android:label="@string/edit_action"
156-->src\main\AndroidManifest.xml:151:13-48
157            android:theme="@style/AppTheme.NoActionBar" />
157-->src\main\AndroidManifest.xml:152:13-56
158
159        <!-- The multi-action edit activity -->
160        <activity
160-->src\main\AndroidManifest.xml:155:9-158:58
161            android:name="pylapp.smoothclicker.android.views.MultiActionEditActivity"
161-->src\main\AndroidManifest.xml:156:13-58
162            android:label="@string/edit_multi_action"
162-->src\main\AndroidManifest.xml:157:13-54
163            android:theme="@style/AppTheme.NoActionBar" />
163-->src\main\AndroidManifest.xml:158:13-56
164
165        <!-- ******** -->
166        <!-- Services -->
167        <!-- ******** -->
168
169        <service
169-->src\main\AndroidManifest.xml:164:9-178:19
170            android:name="pylapp.smoothclicker.android.clickers.ServiceClicker"
170-->src\main\AndroidManifest.xml:165:13-52
171            android:enabled="true"
171-->src\main\AndroidManifest.xml:167:13-35
172            android:exported="true"
172-->src\main\AndroidManifest.xml:168:13-36
173            android:label="@string/service_label_serviceclicker" >
173-->src\main\AndroidManifest.xml:166:13-65
174            <intent-filter>
174-->src\main\AndroidManifest.xml:169:13-171:29
175                <action android:name="pylapp.smoothclicker.android.clickers.ServiceClicker.START" />
175-->src\main\AndroidManifest.xml:170:17-101
175-->src\main\AndroidManifest.xml:170:25-98
176            </intent-filter>
177            <intent-filter>
177-->src\main\AndroidManifest.xml:172:13-174:29
178                <action android:name="pylapp.smoothclicker.android.clickers.ServiceClicker.STOP" />
178-->src\main\AndroidManifest.xml:173:17-100
178-->src\main\AndroidManifest.xml:173:25-97
179            </intent-filter>
180            <intent-filter>
180-->src\main\AndroidManifest.xml:175:13-177:29
181                <action android:name="pylapp.smoothclicker.android.clickers.ServiceClicker.WAKEUP" />
181-->src\main\AndroidManifest.xml:176:17-102
181-->src\main\AndroidManifest.xml:176:25-99
182            </intent-filter>
183        </service>
184
185        <!-- ********* -->
186        <!-- Receivers -->
187        <!-- ********* -->
188
189
190        <!-- A receiver which can make clicks -->
191        <receiver
191-->src\main\AndroidManifest.xml:186:9-200:20
192            android:name="pylapp.smoothclicker.android.receivers.BRClicker"
192-->src\main\AndroidManifest.xml:187:13-48
193            android:exported="true" >
193-->src\main\AndroidManifest.xml:188:13-36
194            <intent-filter>
194-->src\main\AndroidManifest.xml:189:13-191:29
195                <action android:name="android.intent.action.BOOT_COMPLETED" />
195-->src\main\AndroidManifest.xml:190:17-78
195-->src\main\AndroidManifest.xml:190:25-76
196            </intent-filter>
197            <intent-filter>
197-->src\main\AndroidManifest.xml:192:13-194:29
198                <action android:name="android.intent.action.ACTION_BATTERY_LOW" />
198-->src\main\AndroidManifest.xml:193:17-82
198-->src\main\AndroidManifest.xml:193:25-80
199            </intent-filter>
200            <!--
201            <intent-filter>
202                <action android:name="android.intent.action.ACTION_BATTERY_OKAY"/>
203            </intent-filter>
204            -->
205        </receiver>
206
207        <!-- &lt;!&ndash; A receiver which can start the click process when the device has its boot completed &ndash;&gt; -->
208        <!-- <receiver -->
209        <!-- android:name=".receivers.BRBootCompleted" -->
210        <!-- android:enabled="false"> -->
211        <!-- <intent-filter> -->
212        <!-- <action android:name="android.intent.action.BOOT_COMPLETED" /> -->
213        <!-- <category android:name="android.intent.category.DEFAULT" /> -->
214        <!-- </intent-filter> -->
215        <!-- </receiver> -->
216
217        <provider
217-->[androidx.emoji2:emoji2:1.2.0] AndroidManifest.xml:24:9-32:20
218            android:name="androidx.startup.InitializationProvider"
218-->[androidx.emoji2:emoji2:1.2.0] AndroidManifest.xml:25:13-67
219            android:authorities="pylapp.smoothclicker.android.androidx-startup"
219-->[androidx.emoji2:emoji2:1.2.0] AndroidManifest.xml:26:13-68
220            android:exported="false" >
220-->[androidx.emoji2:emoji2:1.2.0] AndroidManifest.xml:27:13-37
221            <meta-data
221-->[androidx.emoji2:emoji2:1.2.0] AndroidManifest.xml:29:13-31:52
222                android:name="androidx.emoji2.text.EmojiCompatInitializer"
222-->[androidx.emoji2:emoji2:1.2.0] AndroidManifest.xml:30:17-75
223                android:value="androidx.startup" />
223-->[androidx.emoji2:emoji2:1.2.0] AndroidManifest.xml:31:17-49
224            <meta-data
224-->[androidx.lifecycle:lifecycle-process:2.6.2] AndroidManifest.xml:29:13-31:52
225                android:name="androidx.lifecycle.ProcessLifecycleInitializer"
225-->[androidx.lifecycle:lifecycle-process:2.6.2] AndroidManifest.xml:30:17-78
226                android:value="androidx.startup" />
226-->[androidx.lifecycle:lifecycle-process:2.6.2] AndroidManifest.xml:31:17-49
227            <meta-data
227-->[androidx.profileinstaller:profileinstaller:1.3.0] AndroidManifest.xml:29:13-31:52
228                android:name="androidx.profileinstaller.ProfileInstallerInitializer"
228-->[androidx.profileinstaller:profileinstaller:1.3.0] AndroidManifest.xml:30:17-85
229                android:value="androidx.startup" />
229-->[androidx.profileinstaller:profileinstaller:1.3.0] AndroidManifest.xml:31:17-49
230        </provider>
231
232        <uses-library
232-->[androidx.window:window:1.0.0] AndroidManifest.xml:25:9-27:40
233            android:name="androidx.window.extensions"
233-->[androidx.window:window:1.0.0] AndroidManifest.xml:26:13-54
234            android:required="false" />
234-->[androidx.window:window:1.0.0] AndroidManifest.xml:27:13-37
235        <uses-library
235-->[androidx.window:window:1.0.0] AndroidManifest.xml:28:9-30:40
236            android:name="androidx.window.sidecar"
236-->[androidx.window:window:1.0.0] AndroidManifest.xml:29:13-51
237            android:required="false" />
237-->[androidx.window:window:1.0.0] AndroidManifest.xml:30:13-37
238
239        <receiver
239-->[androidx.profileinstaller:profileinstaller:1.3.0] AndroidManifest.xml:34:9-52:20
240            android:name="androidx.profileinstaller.ProfileInstallReceiver"
240-->[androidx.profileinstaller:profileinstaller:1.3.0] AndroidManifest.xml:35:13-76
241            android:directBootAware="false"
241-->[androidx.profileinstaller:profileinstaller:1.3.0] AndroidManifest.xml:36:13-44
242            android:enabled="true"
242-->[androidx.profileinstaller:profileinstaller:1.3.0] AndroidManifest.xml:37:13-35
243            android:exported="true"
243-->[androidx.profileinstaller:profileinstaller:1.3.0] AndroidManifest.xml:38:13-36
244            android:permission="android.permission.DUMP" >
244-->[androidx.profileinstaller:profileinstaller:1.3.0] AndroidManifest.xml:39:13-57
245            <intent-filter>
245-->[androidx.profileinstaller:profileinstaller:1.3.0] AndroidManifest.xml:40:13-42:29
246                <action android:name="androidx.profileinstaller.action.INSTALL_PROFILE" />
246-->[androidx.profileinstaller:profileinstaller:1.3.0] AndroidManifest.xml:41:17-91
246-->[androidx.profileinstaller:profileinstaller:1.3.0] AndroidManifest.xml:41:25-88
247            </intent-filter>
248            <intent-filter>
248-->[androidx.profileinstaller:profileinstaller:1.3.0] AndroidManifest.xml:43:13-45:29
249                <action android:name="androidx.profileinstaller.action.SKIP_FILE" />
249-->[androidx.profileinstaller:profileinstaller:1.3.0] AndroidManifest.xml:44:17-85
249-->[androidx.profileinstaller:profileinstaller:1.3.0] AndroidManifest.xml:44:25-82
250            </intent-filter>
251            <intent-filter>
251-->[androidx.profileinstaller:profileinstaller:1.3.0] AndroidManifest.xml:46:13-48:29
252                <action android:name="androidx.profileinstaller.action.SAVE_PROFILE" />
252-->[androidx.profileinstaller:profileinstaller:1.3.0] AndroidManifest.xml:47:17-88
252-->[androidx.profileinstaller:profileinstaller:1.3.0] AndroidManifest.xml:47:25-85
253            </intent-filter>
254            <intent-filter>
254-->[androidx.profileinstaller:profileinstaller:1.3.0] AndroidManifest.xml:49:13-51:29
255                <action android:name="androidx.profileinstaller.action.BENCHMARK_OPERATION" />
255-->[androidx.profileinstaller:profileinstaller:1.3.0] AndroidManifest.xml:50:17-95
255-->[androidx.profileinstaller:profileinstaller:1.3.0] AndroidManifest.xml:50:25-92
256            </intent-filter>
257        </receiver>
258    </application>
259
260</manifest>